This is pdfTeX, Version 3.141592653-2.6-1.40.24 (TeX Live 2022) (preloaded format=pdflatex 2023.11.28)  10 DEC 2023 19:36
entering extended mode
 restricted \write18 enabled.
 %&-line parsing enabled.
**AS_in_CR_OC_SPU_cam_ready_v5.tex
(./AS_in_CR_OC_SPU_cam_ready_v5.tex
LaTeX2e <2021-11-15> patch level 1
L3 programming layer <2022-02-24>
(c:/texlive/2022/texmf-dist/tex/latex/ieeetran/IEEEtran.cls
Document Class: IEEEtran 2015/08/26 V1.8b by Michael Shell
-- See the "IEEEtran_HOWTO" manual for usage information.
-- http://www.michaelshell.org/tex/ieeetran/
\@IEEEtrantmpdimenA=\dimen138
\@IEEEtrantmpdimenB=\dimen139
\@IEEEtrantmpdimenC=\dimen140
\@IEEEtrantmpcountA=\count185
\@IEEEtrantmpcountB=\count186
\@IEEEtrantmpcountC=\count187
\@IEEEtrantmptoksA=\toks16
LaTeX Font Info:    Trying to load font information for OT1+ptm on input line 5
03.
(c:/texlive/2022/texmf-dist/tex/latex/psnfss/ot1ptm.fd
File: ot1ptm.fd 2001/06/04 font definitions for OT1/ptm.
)
-- Using 8.5in x 11in (letter) paper.
-- Using PDF output.
\@IEEEnormalsizeunitybaselineskip=\dimen141
-- This is a 10 point document.
\CLASSINFOnormalsizebaselineskip=\dimen142
\CLASSINFOnormalsizeunitybaselineskip=\dimen143
\IEEEnormaljot=\dimen144
LaTeX Font Info:    Font shape `OT1/ptm/bx/n' in size <5> not available
(Font)              Font shape `OT1/ptm/b/n' tried instead on input line 1090.
LaTeX Font Info:    Font shape `OT1/ptm/bx/it' in size <5> not available
(Font)              Font shape `OT1/ptm/b/it' tried instead on input line 1090.

LaTeX Font Info:    Font shape `OT1/ptm/bx/n' in size <7> not available
(Font)              Font shape `OT1/ptm/b/n' tried instead on input line 1090.
LaTeX Font Info:    Font shape `OT1/ptm/bx/it' in size <7> not available
(Font)              Font shape `OT1/ptm/b/it' tried instead on input line 1090.

LaTeX Font Info:    Font shape `OT1/ptm/bx/n' in size <8> not available
(Font)              Font shape `OT1/ptm/b/n' tried instead on input line 1090.
LaTeX Font Info:    Font shape `OT1/ptm/bx/it' in size <8> not available
(Font)              Font shape `OT1/ptm/b/it' tried instead on input line 1090.

LaTeX Font Info:    Font shape `OT1/ptm/bx/n' in size <9> not available
(Font)              Font shape `OT1/ptm/b/n' tried instead on input line 1090.
LaTeX Font Info:    Font shape `OT1/ptm/bx/it' in size <9> not available
(Font)              Font shape `OT1/ptm/b/it' tried instead on input line 1090.

LaTeX Font Info:    Font shape `OT1/ptm/bx/n' in size <10> not available
(Font)              Font shape `OT1/ptm/b/n' tried instead on input line 1090.
LaTeX Font Info:    Font shape `OT1/ptm/bx/it' in size <10> not available
(Font)              Font shape `OT1/ptm/b/it' tried instead on input line 1090.

LaTeX Font Info:    Font shape `OT1/ptm/bx/n' in size <11> not available
(Font)              Font shape `OT1/ptm/b/n' tried instead on input line 1090.
LaTeX Font Info:    Font shape `OT1/ptm/bx/it' in size <11> not available
(Font)              Font shape `OT1/ptm/b/it' tried instead on input line 1090.

LaTeX Font Info:    Font shape `OT1/ptm/bx/n' in size <12> not available
(Font)              Font shape `OT1/ptm/b/n' tried instead on input line 1090.
LaTeX Font Info:    Font shape `OT1/ptm/bx/it' in size <12> not available
(Font)              Font shape `OT1/ptm/b/it' tried instead on input line 1090.

LaTeX Font Info:    Font shape `OT1/ptm/bx/n' in size <17> not available
(Font)              Font shape `OT1/ptm/b/n' tried instead on input line 1090.
LaTeX Font Info:    Font shape `OT1/ptm/bx/it' in size <17> not available
(Font)              Font shape `OT1/ptm/b/it' tried instead on input line 1090.

LaTeX Font Info:    Font shape `OT1/ptm/bx/n' in size <20> not available
(Font)              Font shape `OT1/ptm/b/n' tried instead on input line 1090.
LaTeX Font Info:    Font shape `OT1/ptm/bx/it' in size <20> not available
(Font)              Font shape `OT1/ptm/b/it' tried instead on input line 1090.

LaTeX Font Info:    Font shape `OT1/ptm/bx/n' in size <24> not available
(Font)              Font shape `OT1/ptm/b/n' tried instead on input line 1090.
LaTeX Font Info:    Font shape `OT1/ptm/bx/it' in size <24> not available
(Font)              Font shape `OT1/ptm/b/it' tried instead on input line 1090.

\IEEEquantizedlength=\dimen145
\IEEEquantizedlengthdiff=\dimen146
\IEEEquantizedtextheightdiff=\dimen147
\IEEEilabelindentA=\dimen148
\IEEEilabelindentB=\dimen149
\IEEEilabelindent=\dimen150
\IEEEelabelindent=\dimen151
\IEEEdlabelindent=\dimen152
\IEEElabelindent=\dimen153
\IEEEiednormlabelsep=\dimen154
\IEEEiedmathlabelsep=\dimen155
\IEEEiedtopsep=\skip47
\c@section=\count188
\c@subsection=\count189
\c@subsubsection=\count190
\c@paragraph=\count191
\c@IEEEsubequation=\count192
\abovecaptionskip=\skip48
\belowcaptionskip=\skip49
\c@figure=\count193
\c@table=\count194
\@IEEEeqnnumcols=\count195
\@IEEEeqncolcnt=\count196
\@IEEEsubeqnnumrollback=\count197
\@IEEEquantizeheightA=\dimen156
\@IEEEquantizeheightB=\dimen157
\@IEEEquantizeheightC=\dimen158
\@IEEEquantizeprevdepth=\dimen159
\@IEEEquantizemultiple=\count198
\@IEEEquantizeboxA=\box50
\@IEEEtmpitemindent=\dimen160
\IEEEPARstartletwidth=\dimen161
\c@IEEEbiography=\count199
\@IEEEtranrubishbin=\box51
) (c:/texlive/2022/texmf-dist/tex/generic/epsf/epsf.sty
This is `epsf.tex' v2.7.4 <14 February 2011>
\epsffilein=\read2
\epsfframemargin=\dimen162
\epsfframethickness=\dimen163
\epsfrsize=\dimen164
\epsftmp=\dimen165
\epsftsize=\dimen166
\epsfxsize=\dimen167
\epsfysize=\dimen168
\pspoints=\dimen169
) (c:/texlive/2022/texmf-dist/tex/latex/filecontents/filecontents.sty
Package: filecontents 2019/09/20 v1.5 Create an external file from within a LaT
eX document


Package filecontents Warning: This package is obsolete. Disabling it and
(filecontents)                passing control to the filecontents environment
(filecontents)                defined by the LaTeX kernel.

) (c:/texlive/2022/texmf-dist/tex/latex/psnfss/times.sty
Package: times 2020/03/25 PSNFSS-v9.3 (SPQR) 
)
(c:/texlive/2022/texmf-dist/tex/latex/amsmath/amsmath.sty
Package: amsmath 2021/10/15 v2.17l AMS math features
\@mathmargin=\skip50

For additional information on amsmath, use the `?' option.
(c:/texlive/2022/texmf-dist/tex/latex/amsmath/amstext.sty
Package: amstext 2021/08/26 v2.01 AMS text

(c:/texlive/2022/texmf-dist/tex/latex/amsmath/amsgen.sty
File: amsgen.sty 1999/11/30 v2.0 generic functions
\@emptytoks=\toks17
\ex@=\dimen170
))
(c:/texlive/2022/texmf-dist/tex/latex/amsmath/amsbsy.sty
Package: amsbsy 1999/11/29 v1.2d Bold Symbols
\pmbraise@=\dimen171
)
(c:/texlive/2022/texmf-dist/tex/latex/amsmath/amsopn.sty
Package: amsopn 2021/08/26 v2.02 operator names
)
\inf@bad=\count266
LaTeX Info: Redefining \frac on input line 234.
\uproot@=\count267
\leftroot@=\count268
LaTeX Info: Redefining \overline on input line 399.
\classnum@=\count269
\DOTSCASE@=\count270
LaTeX Info: Redefining \ldots on input line 496.
LaTeX Info: Redefining \dots on input line 499.
LaTeX Info: Redefining \cdots on input line 620.
\Mathstrutbox@=\box52
\strutbox@=\box53
\big@size=\dimen172
LaTeX Font Info:    Redeclaring font encoding OML on input line 743.
LaTeX Font Info:    Redeclaring font encoding OMS on input line 744.
\macc@depth=\count271
\c@MaxMatrixCols=\count272
\dotsspace@=\muskip16
\c@parentequation=\count273
\dspbrk@lvl=\count274
\tag@help=\toks18
\row@=\count275
\column@=\count276
\maxfields@=\count277
\andhelp@=\toks19
\eqnshift@=\dimen173
\alignsep@=\dimen174
\tagshift@=\dimen175
\tagwidth@=\dimen176
\totwidth@=\dimen177
\lineht@=\dimen178
\@envbody=\toks20
\multlinegap=\skip51
\multlinetaggap=\skip52
\mathdisplay@stack=\toks21
LaTeX Info: Redefining \[ on input line 2938.
LaTeX Info: Redefining \] on input line 2939.
)
(c:/texlive/2022/texmf-dist/tex/latex/amsfonts/amssymb.sty
Package: amssymb 2013/01/14 v3.01 AMS font symbols

(c:/texlive/2022/texmf-dist/tex/latex/amsfonts/amsfonts.sty
Package: amsfonts 2013/01/14 v3.01 Basic AMSFonts support
\symAMSa=\mathgroup4
\symAMSb=\mathgroup5
LaTeX Font Info:    Redeclaring math symbol \hbar on input line 98.
LaTeX Font Info:    Overwriting math alphabet `\mathfrak' in version `bold'
(Font)                  U/euf/m/n --> U/euf/b/n on input line 106.
))
(c:/texlive/2022/texmf-dist/tex/latex/graphics/graphicx.sty
Package: graphicx 2021/09/16 v1.2d Enhanced LaTeX Graphics (DPC,SPQR)

(c:/texlive/2022/texmf-dist/tex/latex/graphics/keyval.sty
Package: keyval 2014/10/28 v1.15 key=value parser (DPC)
\KV@toks@=\toks22
)
(c:/texlive/2022/texmf-dist/tex/latex/graphics/graphics.sty
Package: graphics 2021/03/04 v1.4d Standard LaTeX Graphics (DPC,SPQR)

(c:/texlive/2022/texmf-dist/tex/latex/graphics/trig.sty
Package: trig 2021/08/11 v1.11 sin cos tan (DPC)
)
(c:/texlive/2022/texmf-dist/tex/latex/graphics-cfg/graphics.cfg
File: graphics.cfg 2016/06/04 v1.11 sample graphics configuration
)
Package graphics Info: Driver file: pdftex.def on input line 107.

(c:/texlive/2022/texmf-dist/tex/latex/graphics-def/pdftex.def
File: pdftex.def 2020/10/05 v1.2a Graphics/color driver for pdftex
))
\Gin@req@height=\dimen179
\Gin@req@width=\dimen180
)
(c:/texlive/2022/texmf-dist/tex/latex/graphics/color.sty
Package: color 2021/12/07 v1.3c Standard LaTeX Color (DPC)

(c:/texlive/2022/texmf-dist/tex/latex/graphics-cfg/color.cfg
File: color.cfg 2016/01/02 v1.6 sample color configuration
)
Package color Info: Driver file: pdftex.def on input line 149.
)
(c:/texlive/2022/texmf-dist/tex/latex/cite/cite.sty
LaTeX Info: Redefining \cite on input line 302.
LaTeX Info: Redefining \nocite on input line 332.
Package: cite 2015/02/27  v 5.5
)
(c:/texlive/2022/texmf-dist/tex/latex/multirow/multirow.sty
Package: multirow 2021/03/15 v2.8 Span multiple rows of a table
\multirow@colwidth=\skip53
\multirow@cntb=\count278
\multirow@dima=\skip54
\bigstrutjot=\dimen181
)
(c:/texlive/2022/texmf-dist/tex/latex/tools/tabularx.sty
Package: tabularx 2020/01/15 v2.11c `tabularx' package (DPC)

(c:/texlive/2022/texmf-dist/tex/latex/tools/array.sty
Package: array 2021/10/04 v2.5f Tabular extension package (FMi)
\col@sep=\dimen182
\ar@mcellbox=\box54
\extrarowheight=\dimen183
\NC@list=\toks23
\extratabsurround=\skip55
\backup@length=\skip56
\ar@cellbox=\box55
)
\TX@col@width=\dimen184
\TX@old@table=\dimen185
\TX@old@col=\dimen186
\TX@target=\dimen187
\TX@delta=\dimen188
\TX@cols=\count279
\TX@ftn=\toks24
)
(c:/texlive/2022/texmf-dist/tex/latex/cases/cases.sty
Package: cases 2020/03/29 ver 3.2
\numc@numwid=\dimen189
)
(c:/texlive/2022/texmf-dist/tex/latex/base/ifthen.sty
Package: ifthen 2020/11/24 v1.1c Standard LaTeX ifthen package (DPC)
)
(c:/texlive/2022/texmf-dist/tex/latex/wasysym/wasysym.sty
Package: wasysym 2020/01/19 v2.4 Wasy-2 symbol support package
\symwasy=\mathgroup6
LaTeX Font Info:    Overwriting symbol font `wasy' in version `bold'
(Font)                  U/wasy/m/n --> U/wasy/b/n on input line 93.
)
(c:/texlive/2022/texmf-dist/tex/latex/oberdiek/stackrel.sty
Package: stackrel 2016/05/16 v1.3 Adding subscript option to stackrel (HO)

(c:/texlive/2022/texmf-dist/tex/generic/etexcmds/etexcmds.sty
Package: etexcmds 2019/12/15 v1.7 Avoid name clashes with e-TeX commands (HO)

(c:/texlive/2022/texmf-dist/tex/generic/infwarerr/infwarerr.sty
Package: infwarerr 2019/12/03 v1.5 Providing info/warning/error messages (HO)
)
(c:/texlive/2022/texmf-dist/tex/generic/iftex/iftex.sty
Package: iftex 2022/02/03 v1.0f TeX engine tests
))
(c:/texlive/2022/texmf-dist/tex/generic/pdftexcmds/pdftexcmds.sty
Package: pdftexcmds 2020-06-27 v0.33 Utility functions of pdfTeX for LuaTeX (HO
)

(c:/texlive/2022/texmf-dist/tex/generic/ltxcmds/ltxcmds.sty
Package: ltxcmds 2020-05-10 v1.25 LaTeX kernel commands for general use (HO)
)
Package pdftexcmds Info: \pdf@primitive is available.
Package pdftexcmds Info: \pdf@ifprimitive is available.
Package pdftexcmds Info: \pdfdraftmode found.
))
(c:/texlive/2022/texmf-dist/tex/latex/tools/enumerate.sty
Package: enumerate 2015/07/23 v3.00 enumerate extensions (DPC)
\@enLab=\toks25
)
(c:/texlive/2022/texmf-dist/tex/latex/microtype/microtype.sty
Package: microtype 2022/03/14 v3.0d Micro-typographical refinements (RS)

(c:/texlive/2022/texmf-dist/tex/latex/etoolbox/etoolbox.sty
Package: etoolbox 2020/10/05 v2.5k e-TeX tools for LaTeX (JAW)
\etb@tempcnta=\count280
)
\MT@toks=\toks26
\MT@tempbox=\box56
\MT@count=\count281
LaTeX Info: Redefining \noprotrusionifhmode on input line 1027.
LaTeX Info: Redefining \leftprotrusion on input line 1028.
LaTeX Info: Redefining \rightprotrusion on input line 1036.
LaTeX Info: Redefining \textls on input line 1195.
\MT@outer@kern=\dimen190
LaTeX Info: Redefining \textmicrotypecontext on input line 1781.
\MT@listname@count=\count282

(c:/texlive/2022/texmf-dist/tex/latex/microtype/microtype-pdftex.def
File: microtype-pdftex.def 2022/03/14 v3.0d Definitions specific to pdftex (RS)

LaTeX Info: Redefining \lsstyle on input line 900.
LaTeX Info: Redefining \lslig on input line 900.
\MT@outer@space=\skip57
)
Package microtype Info: Loading configuration file microtype.cfg.

(c:/texlive/2022/texmf-dist/tex/latex/microtype/microtype.cfg
File: microtype.cfg 2022/03/14 v3.0d microtype main configuration file (RS)
))
(c:/texlive/2022/texmf-dist/tex/latex/mathtools/mathtools.sty
Package: mathtools 2022/02/07 v1.28a mathematical typesetting tools

(c:/texlive/2022/texmf-dist/tex/latex/tools/calc.sty
Package: calc 2017/05/25 v4.3 Infix arithmetic (KKT,FJ)
\calc@Acount=\count283
\calc@Bcount=\count284
\calc@Adimen=\dimen191
\calc@Bdimen=\dimen192
\calc@Askip=\skip58
\calc@Bskip=\skip59
LaTeX Info: Redefining \setlength on input line 80.
LaTeX Info: Redefining \addtolength on input line 81.
\calc@Ccount=\count285
\calc@Cskip=\skip60
)
(c:/texlive/2022/texmf-dist/tex/latex/mathtools/mhsetup.sty
Package: mhsetup 2021/03/18 v1.4 programming setup (MH)
)
\g_MT_multlinerow_int=\count286
\l_MT_multwidth_dim=\dimen193
\origjot=\skip61
\l_MT_shortvdotswithinadjustabove_dim=\dimen194
\l_MT_shortvdotswithinadjustbelow_dim=\dimen195
\l_MT_above_intertext_sep=\dimen196
\l_MT_below_intertext_sep=\dimen197
\l_MT_above_shortintertext_sep=\dimen198
\l_MT_below_shortintertext_sep=\dimen199
\xmathstrut@box=\box57
\xmathstrut@dim=\dimen256
)
(c:/texlive/2022/texmf-dist/tex/latex/tools/bm.sty
Package: bm 2021/04/25 v1.2e Bold Symbol Support (DPC/FMi)
\symboldoperators=\mathgroup7
\symboldletters=\mathgroup8
\symboldsymbols=\mathgroup9
Package bm Info: No bold for \OMX/cmex/m/n, using \pmb.
Package bm Info: No bold for \U/msa/m/n, using \pmb.
Package bm Info: No bold for \U/msb/m/n, using \pmb.
\symboldwasy=\mathgroup10
LaTeX Font Info:    Redeclaring math alphabet \mathbf on input line 149.
)
\c@theorem=\count287
\c@lemma=\count288
\c@corollary=\count289
\c@result=\count290
\c@fact=\count291
\c@obs=\count292

** ATTENTION: Overriding command lockouts (line 247).
(c:/texlive/2022/texmf-dist/tex/latex/l3backend/l3backend-pdftex.def
File: l3backend-pdftex.def 2022-02-07 L3 backend support: PDF output (pdfTeX)
\l__color_backend_stack_int=\count293
\l__pdf_internal_box=\box58
)
(./AS_in_CR_OC_SPU_cam_ready_v5.aux)
\openout1 = `AS_in_CR_OC_SPU_cam_ready_v5.aux'.

LaTeX Font Info:    Checking defaults for OML/cmm/m/it on input line 683.
LaTeX Font Info:    ... okay on input line 683.
LaTeX Font Info:    Checking defaults for OMS/cmsy/m/n on input line 683.
LaTeX Font Info:    ... okay on input line 683.
LaTeX Font Info:    Checking defaults for OT1/cmr/m/n on input line 683.
LaTeX Font Info:    ... okay on input line 683.
LaTeX Font Info:    Checking defaults for T1/cmr/m/n on input line 683.
LaTeX Font Info:    ... okay on input line 683.
LaTeX Font Info:    Checking defaults for TS1/cmr/m/n on input line 683.
LaTeX Font Info:    ... okay on input line 683.
LaTeX Font Info:    Checking defaults for OMX/cmex/m/n on input line 683.
LaTeX Font Info:    ... okay on input line 683.
LaTeX Font Info:    Checking defaults for U/cmr/m/n on input line 683.
LaTeX Font Info:    ... okay on input line 683.

-- Lines per column: 58 (exact).
(c:/texlive/2022/texmf-dist/tex/context/base/mkii/supp-pdf.mkii
[Loading MPS to PDF converter (version 2006.09.02).]
\scratchcounter=\count294
\scratchdimen=\dimen257
\scratchbox=\box59
\nofMPsegments=\count295
\nofMParguments=\count296
\everyMPshowfont=\toks27
\MPscratchCnt=\count297
\MPscratchDim=\dimen258
\MPnumerator=\count298
\makeMPintoPDFobject=\count299
\everyMPtoPDFconversion=\toks28
) (c:/texlive/2022/texmf-dist/tex/latex/epstopdf-pkg/epstopdf-base.sty
Package: epstopdf-base 2020-01-24 v2.11 Base part for package epstopdf
Package epstopdf-base Info: Redefining graphics rule for `.eps' on input line 4
85.

(c:/texlive/2022/texmf-dist/tex/latex/latexconfig/epstopdf-sys.cfg
File: epstopdf-sys.cfg 2010/07/13 v1.3 Configuration of (r)epstopdf for TeX Liv
e
))
LaTeX Info: Redefining \microtypecontext on input line 683.
Package microtype Info: Applying patch `item' on input line 683.
Package microtype Info: Applying patch `toc' on input line 683.
Package microtype Info: Applying patch `eqnum' on input line 683.
Package microtype Info: Applying patch `footnote' on input line 683.
Package microtype Info: Generating PDF output.
Package microtype Info: Character protrusion enabled (level 2).
Package microtype Info: Using default protrusion set `alltext'.
Package microtype Info: Automatic font expansion enabled (level 2),
(microtype)             stretch: 20, shrink: 20, step: 1, non-selected.
Package microtype Info: Using default expansion set `alltext-nott'.
LaTeX Info: Redefining \showhyphens on input line 683.
Package microtype Info: No adjustment of tracking.
Package microtype Info: No adjustment of interword spacing.
Package microtype Info: No adjustment of character kerning.

(c:/texlive/2022/texmf-dist/tex/latex/microtype/mt-ptm.cfg
File: mt-ptm.cfg 2006/04/20 v1.7 microtype config. file: Times (RS)
)
(c:/texlive/2022/texmf-dist/tex/latex/microtype/mt-cmr.cfg
File: mt-cmr.cfg 2013/05/19 v2.2 microtype config. file: Computer Modern Roman 
(RS)
)
LaTeX Font Info:    Trying to load font information for U+msa on input line 714
.

(c:/texlive/2022/texmf-dist/tex/latex/amsfonts/umsa.fd
File: umsa.fd 2013/01/14 v3.01 AMS symbols A
)
(c:/texlive/2022/texmf-dist/tex/latex/microtype/mt-msa.cfg
File: mt-msa.cfg 2006/02/04 v1.1 microtype config. file: AMS symbols (a) (RS)
)
LaTeX Font Info:    Trying to load font information for U+msb on input line 714
.

(c:/texlive/2022/texmf-dist/tex/latex/amsfonts/umsb.fd
File: umsb.fd 2013/01/14 v3.01 AMS symbols B
)
(c:/texlive/2022/texmf-dist/tex/latex/microtype/mt-msb.cfg
File: mt-msb.cfg 2005/06/01 v1.0 microtype config. file: AMS symbols (b) (RS)
)
LaTeX Font Info:    Trying to load font information for U+wasy on input line 71
4.

(c:/texlive/2022/texmf-dist/tex/latex/wasysym/uwasy.fd
File: uwasy.fd 2020/01/19 v2.4 Wasy-2 symbol font definitions
)

LaTeX Font Warning: Font shape `U/wasy/b/n' in size <9> not available
(Font)              Font shape `U/wasy/m/n' tried instead on input line 714.


LaTeX Font Warning: Font shape `U/wasy/b/n' in size <6> not available
(Font)              Font shape `U/wasy/m/n' tried instead on input line 714.


LaTeX Font Warning: Font shape `U/wasy/b/n' in size <5> not available
(Font)              Font shape `U/wasy/m/n' tried instead on input line 714.


LaTeX Font Warning: Font shape `U/wasy/b/n' in size <7> not available
(Font)              Font shape `U/wasy/m/n' tried instead on input line 741.

[1{c:/texlive/2022/texmf-var/fonts/map/pdftex/updmap/pdftex.map}


]
Package epstopdf Info: Source file: <./model_pdf.eps>
(epstopdf)                    date: 2018-03-02 18:12:34
(epstopdf)                    size: 362075 bytes
(epstopdf)             Output file: <./model_pdf-eps-converted-to.pdf>
(epstopdf)                    date: 2018-04-24 11:07:38
(epstopdf)                    size: 56209 bytes
(epstopdf)             Command: <repstopdf --outfile=./model_pdf-eps-converted-
to.pdf ./model_pdf.eps>
(epstopdf)             \includegraphics on input line 781.
Package epstopdf Info: Output file is already uptodate.
<./model_pdf-eps-converted-to.pdf, id=12, 573.14125pt x 272.01625pt>
File: ./model_pdf-eps-converted-to.pdf Graphic file (type pdf)
<use ./model_pdf-eps-converted-to.pdf>
Package pdftex.def Info: ./model_pdf-eps-converted-to.pdf  used on input line 7
81.
(pdftex.def)             Requested size: 252.0pt x 119.60034pt.


LaTeX Font Warning: Font shape `U/wasy/b/n' in size <8> not available
(Font)              Font shape `U/wasy/m/n' tried instead on input line 782.

[2 <./model_pdf-eps-converted-to.pdf>] [3]
Package epstopdf Info: Source file: <./selection_metric_3d.eps>
(epstopdf)                    date: 2018-04-25 19:16:45
(epstopdf)                    size: 1149672 bytes
(epstopdf)             Output file: <./selection_metric_3d-eps-converted-to.pdf
>
(epstopdf)                    date: 2018-04-25 19:16:55
(epstopdf)                    size: 102020 bytes
(epstopdf)             Command: <repstopdf --outfile=./selection_metric_3d-eps-
converted-to.pdf ./selection_metric_3d.eps>
(epstopdf)             \includegraphics on input line 927.
Package epstopdf Info: Output file is already uptodate.
<./selection_metric_3d-eps-converted-to.pdf, id=60, 449.68pt x 260.975pt>
File: ./selection_metric_3d-eps-converted-to.pdf Graphic file (type pdf)
<use ./selection_metric_3d-eps-converted-to.pdf>
Package pdftex.def Info: ./selection_metric_3d-eps-converted-to.pdf  used on in
put line 927.
(pdftex.def)             Requested size: 252.0pt x 146.24854pt.
 [4 <./selection_metric_3d-eps-converted-to.pdf>] [5]
Underfull \hbox (badness 7558) in paragraph at lines 1162--1164
\OT1/ptm/m/n/10 (+20) where $\OML/cmm/m/it/10 $ \U/msa/m/n/10 , []\OML/cmm/m/it
/10 = []$ \OT1/ptm/m/n/10 (+20) and $\OT1/cmr/m/n/10 ^^A \U/msa/m/n/10 ,
 []

[6]
Package epstopdf Info: Source file: <./PCSI_SEP_vs_tau_pout_10_PT_5dB_Nt_2_4_Nr
_2_3_M_4.eps>
(epstopdf)                    date: 2018-04-25 19:50:02
(epstopdf)                    size: 211990 bytes
(epstopdf)             Output file: <./PCSI_SEP_vs_tau_pout_10_PT_5dB_Nt_2_4_Nr
_2_3_M_4-eps-converted-to.pdf>
(epstopdf)                    date: 2018-04-25 19:50:10
(epstopdf)                    size: 13973 bytes
(epstopdf)             Command: <repstopdf --outfile=./PCSI_SEP_vs_tau_pout_10_
PT_5dB_Nt_2_4_Nr_2_3_M_4-eps-converted-to.pdf ./PCSI_SEP_vs_tau_pout_10_PT_5dB_
Nt_2_4_Nr_2_3_M_4.eps>
(epstopdf)             \includegraphics on input line 1211.
Package epstopdf Info: Output file is already uptodate.
<./PCSI_SEP_vs_tau_pout_10_PT_5dB_Nt_2_4_Nr_2_3_M_4-eps-converted-to.pdf, id=98
, 449.68pt x 293.095pt>
File: ./PCSI_SEP_vs_tau_pout_10_PT_5dB_Nt_2_4_Nr_2_3_M_4-eps-converted-to.pdf G
raphic file (type pdf)
<use ./PCSI_SEP_vs_tau_pout_10_PT_5dB_Nt_2_4_Nr_2_3_M_4-eps-converted-to.pdf>
Package pdftex.def Info: ./PCSI_SEP_vs_tau_pout_10_PT_5dB_Nt_2_4_Nr_2_3_M_4-eps
-converted-to.pdf  used on input line 1211.
(pdftex.def)             Requested size: 252.0pt x 164.24835pt.
Package epstopdf Info: Source file: <./CURVE_FIT_SEP_vs_tau_pout_5_10_PT_13dB_N
t_8_M_8_16.eps>
(epstopdf)                    date: 2018-04-25 19:44:02
(epstopdf)                    size: 141039 bytes
(epstopdf)             Output file: <./CURVE_FIT_SEP_vs_tau_pout_5_10_PT_13dB_N
t_8_M_8_16-eps-converted-to.pdf>
(epstopdf)                    date: 2018-04-25 19:44:09
(epstopdf)                    size: 15063 bytes
(epstopdf)             Command: <repstopdf --outfile=./CURVE_FIT_SEP_vs_tau_pou
t_5_10_PT_13dB_Nt_8_M_8_16-eps-converted-to.pdf ./CURVE_FIT_SEP_vs_tau_pout_5_1
0_PT_13dB_Nt_8_M_8_16.eps>
(epstopdf)             \includegraphics on input line 1219.
Package epstopdf Info: Output file is already uptodate.
<./CURVE_FIT_SEP_vs_tau_pout_5_10_PT_13dB_Nt_8_M_8_16-eps-converted-to.pdf, id=
99, 449.68pt x 293.095pt>
File: ./CURVE_FIT_SEP_vs_tau_pout_5_10_PT_13dB_Nt_8_M_8_16-eps-converted-to.pdf
 Graphic file (type pdf)
<use ./CURVE_FIT_SEP_vs_tau_pout_5_10_PT_13dB_Nt_8_M_8_16-eps-converted-to.pdf>

Package pdftex.def Info: ./CURVE_FIT_SEP_vs_tau_pout_5_10_PT_13dB_Nt_8_M_8_16-e
ps-converted-to.pdf  used on input line 1219.
(pdftex.def)             Requested size: 252.0pt x 164.24835pt.
Package epstopdf Info: Source file: <./Pr_s_0_vs_tau_pout_5_10_PT_5dB_Nt_2_4_Nr
_2_M_4.eps>
(epstopdf)                    date: 2018-04-25 19:50:55
(epstopdf)                    size: 114499 bytes
(epstopdf)             Output file: <./Pr_s_0_vs_tau_pout_5_10_PT_5dB_Nt_2_4_Nr
_2_M_4-eps-converted-to.pdf>
(epstopdf)                    date: 2018-04-25 19:51:13
(epstopdf)                    size: 9977 bytes
(epstopdf)             Command: <repstopdf --outfile=./Pr_s_0_vs_tau_pout_5_10_
PT_5dB_Nt_2_4_Nr_2_M_4-eps-converted-to.pdf ./Pr_s_0_vs_tau_pout_5_10_PT_5dB_Nt
_2_4_Nr_2_M_4.eps>
(epstopdf)             \includegraphics on input line 1228.
Package epstopdf Info: Output file is already uptodate.
<./Pr_s_0_vs_tau_pout_5_10_PT_5dB_Nt_2_4_Nr_2_M_4-eps-converted-to.pdf, id=100,
 449.68pt x 293.095pt>
File: ./Pr_s_0_vs_tau_pout_5_10_PT_5dB_Nt_2_4_Nr_2_M_4-eps-converted-to.pdf Gra
phic file (type pdf)
<use ./Pr_s_0_vs_tau_pout_5_10_PT_5dB_Nt_2_4_Nr_2_M_4-eps-converted-to.pdf>
Package pdftex.def Info: ./Pr_s_0_vs_tau_pout_5_10_PT_5dB_Nt_2_4_Nr_2_M_4-eps-c
onverted-to.pdf  used on input line 1228.
(pdftex.def)             Requested size: 252.0pt x 164.24835pt.
 [7 <./PCSI_SEP_vs_tau_pout_10_PT_5dB_Nt_2_4_Nr_2_3_M_4-eps-converted-to.pdf> <
./CURVE_FIT_SEP_vs_tau_pout_5_10_PT_13dB_Nt_8_M_8_16-eps-converted-to.pdf>]
Package epstopdf Info: Source file: <./BM_gs_SEP_vs_tau_pout_10_PT_12dB_Nt_4_M_
4.eps>
(epstopdf)                    date: 2018-04-25 19:46:31
(epstopdf)                    size: 118630 bytes
(epstopdf)             Output file: <./BM_gs_SEP_vs_tau_pout_10_PT_12dB_Nt_4_M_
4-eps-converted-to.pdf>
(epstopdf)                    date: 2018-04-25 19:46:37
(epstopdf)                    size: 10863 bytes
(epstopdf)             Command: <repstopdf --outfile=./BM_gs_SEP_vs_tau_pout_10
_PT_12dB_Nt_4_M_4-eps-converted-to.pdf ./BM_gs_SEP_vs_tau_pout_10_PT_12dB_Nt_4_
M_4.eps>
(epstopdf)             \includegraphics on input line 1303.
Package epstopdf Info: Output file is already uptodate.
<./BM_gs_SEP_vs_tau_pout_10_PT_12dB_Nt_4_M_4-eps-converted-to.pdf, id=126, 449.
68pt x 293.095pt>
File: ./BM_gs_SEP_vs_tau_pout_10_PT_12dB_Nt_4_M_4-eps-converted-to.pdf Graphic 
file (type pdf)
<use ./BM_gs_SEP_vs_tau_pout_10_PT_12dB_Nt_4_M_4-eps-converted-to.pdf>
Package pdftex.def Info: ./BM_gs_SEP_vs_tau_pout_10_PT_12dB_Nt_4_M_4-eps-conver
ted-to.pdf  used on input line 1303.
(pdftex.def)             Requested size: 252.0pt x 164.24835pt.

[8 <./Pr_s_0_vs_tau_pout_5_10_PT_5dB_Nt_2_4_Nr_2_M_4-eps-converted-to.pdf> <./B
M_gs_SEP_vs_tau_pout_10_PT_12dB_Nt_4_M_4-eps-converted-to.pdf>]
Package epstopdf Info: Source file: <./Combined_outage_vs_tau_pout_10_PT_10dB_N
t_2_Nr_2_M_4.eps>
(epstopdf)                    date: 2018-04-25 19:49:08
(epstopdf)                    size: 122390 bytes
(epstopdf)             Output file: <./Combined_outage_vs_tau_pout_10_PT_10dB_N
t_2_Nr_2_M_4-eps-converted-to.pdf>
(epstopdf)                    date: 2018-04-25 19:49:12
(epstopdf)                    size: 12521 bytes
(epstopdf)             Command: <repstopdf --outfile=./Combined_outage_vs_tau_p
out_10_PT_10dB_Nt_2_Nr_2_M_4-eps-converted-to.pdf ./Combined_outage_vs_tau_pout
_10_PT_10dB_Nt_2_Nr_2_M_4.eps>
(epstopdf)             \includegraphics on input line 1316.
Package epstopdf Info: Output file is already uptodate.
<./Combined_outage_vs_tau_pout_10_PT_10dB_Nt_2_Nr_2_M_4-eps-converted-to.pdf, i
d=148, 449.68pt x 293.095pt>
File: ./Combined_outage_vs_tau_pout_10_PT_10dB_Nt_2_Nr_2_M_4-eps-converted-to.p
df Graphic file (type pdf)
<use ./Combined_outage_vs_tau_pout_10_PT_10dB_Nt_2_Nr_2_M_4-eps-converted-to.pd
f>
Package pdftex.def Info: ./Combined_outage_vs_tau_pout_10_PT_10dB_Nt_2_Nr_2_M_4
-eps-converted-to.pdf  used on input line 1316.
(pdftex.def)             Requested size: 252.0pt x 164.24835pt.
Package epstopdf Info: Source file: <./Combined_SEP_vs_tau_pout_10_PT_10dB_Nt_2
_Nr_2_M_4.eps>
(epstopdf)                    date: 2018-04-25 19:48:06
(epstopdf)                    size: 123205 bytes
(epstopdf)             Output file: <./Combined_SEP_vs_tau_pout_10_PT_10dB_Nt_2
_Nr_2_M_4-eps-converted-to.pdf>
(epstopdf)                    date: 2018-04-25 19:48:09
(epstopdf)                    size: 12594 bytes
(epstopdf)             Command: <repstopdf --outfile=./Combined_SEP_vs_tau_pout
_10_PT_10dB_Nt_2_Nr_2_M_4-eps-converted-to.pdf ./Combined_SEP_vs_tau_pout_10_PT
_10dB_Nt_2_Nr_2_M_4.eps>
(epstopdf)             \includegraphics on input line 1323.
Package epstopdf Info: Output file is already uptodate.
<./Combined_SEP_vs_tau_pout_10_PT_10dB_Nt_2_Nr_2_M_4-eps-converted-to.pdf, id=1
49, 449.68pt x 293.095pt>
File: ./Combined_SEP_vs_tau_pout_10_PT_10dB_Nt_2_Nr_2_M_4-eps-converted-to.pdf 
Graphic file (type pdf)
<use ./Combined_SEP_vs_tau_pout_10_PT_10dB_Nt_2_Nr_2_M_4-eps-converted-to.pdf>
Package pdftex.def Info: ./Combined_SEP_vs_tau_pout_10_PT_10dB_Nt_2_Nr_2_M_4-ep
s-converted-to.pdf  used on input line 1323.
(pdftex.def)             Requested size: 252.0pt x 164.24835pt.

Underfull \hbox (badness 2384) in paragraph at lines 1356--1360
\OT1/ptm/m/n/10 (+20) where $\OML/cmm/m/it/10 G[]$ \OT1/ptm/m/n/10 (+20) de-not
es the event $[] \OMS/cmsy/m/n/10 \ \OML/cmm/m/it/10 A[]$\OT1/ptm/m/n/10 (+20) 
. As
 []

[9 <./Combined_outage_vs_tau_pout_10_PT_10dB_Nt_2_Nr_2_M_4-eps-converted-to.pdf
> <./Combined_SEP_vs_tau_pout_10_PT_10dB_Nt_2_Nr_2_M_4-eps-converted-to.pdf>]
Underfull \hbox (badness 6876) in paragraph at lines 1466--1470
\OT1/ptm/m/n/10 (+20) From the law of to-tal ex-pec-ta-tion, we know that
 []

[10] [11]
Package epstopdf Info: Source file: <sarvendranath.eps>
(epstopdf)                    date: 2018-04-24 12:37:21
(epstopdf)                    size: 806800 bytes
(epstopdf)             Output file: <sarvendranath-eps-converted-to.pdf>
(epstopdf)                    date: 2018-04-24 12:38:16
(epstopdf)                    size: 58912 bytes
(epstopdf)             Command: <repstopdf --outfile=sarvendranath-eps-converte
d-to.pdf sarvendranath.eps>
(epstopdf)             \includegraphics on input line 1759.
Package epstopdf Info: Output file is already uptodate.
<sarvendranath-eps-converted-to.pdf, id=185, 110.4125pt x 116.435pt>
File: sarvendranath-eps-converted-to.pdf Graphic file (type pdf)
<use sarvendranath-eps-converted-to.pdf>
Package pdftex.def Info: sarvendranath-eps-converted-to.pdf  used on input line
 1759.
(pdftex.def)             Requested size: 72.27269pt x 76.21484pt.
Package epstopdf Info: Source file: <sarvendranath.eps>
(epstopdf)                    date: 2018-04-24 12:37:21
(epstopdf)                    size: 806800 bytes
(epstopdf)             Output file: <sarvendranath-eps-converted-to.pdf>
(epstopdf)                    date: 2018-04-24 12:38:16
(epstopdf)                    size: 58912 bytes
(epstopdf)             Command: <repstopdf --outfile=sarvendranath-eps-converte
d-to.pdf sarvendranath.eps>
(epstopdf)             \includegraphics on input line 1759.
Package epstopdf Info: Output file is already uptodate.
File: sarvendranath-eps-converted-to.pdf Graphic file (type pdf)
<use sarvendranath-eps-converted-to.pdf>
Package pdftex.def Info: sarvendranath-eps-converted-to.pdf  used on input line
 1759.
(pdftex.def)             Requested size: 72.27269pt x 76.21484pt.
Package epstopdf Info: Source file: <neelesh_b_mehta.eps>
(epstopdf)                    date: 2015-03-30 18:11:34
(epstopdf)                    size: 150991 bytes
(epstopdf)             Output file: <neelesh_b_mehta-eps-converted-to.pdf>
(epstopdf)                    date: 2018-04-24 10:17:48
(epstopdf)                    size: 126716 bytes
(epstopdf)             Command: <repstopdf --outfile=neelesh_b_mehta-eps-conver
ted-to.pdf neelesh_b_mehta.eps>
(epstopdf)             \includegraphics on input line 1764.
Package epstopdf Info: Output file is already uptodate.
<neelesh_b_mehta-eps-converted-to.pdf, id=188, 396.48125pt x 464.73625pt>
File: neelesh_b_mehta-eps-converted-to.pdf Graphic file (type pdf)
<use neelesh_b_mehta-eps-converted-to.pdf>
Package pdftex.def Info: neelesh_b_mehta-eps-converted-to.pdf  used on input li
ne 1764.
(pdftex.def)             Requested size: 72.26495pt x 84.7055pt.
Package epstopdf Info: Source file: <neelesh_b_mehta.eps>
(epstopdf)                    date: 2015-03-30 18:11:34
(epstopdf)                    size: 150991 bytes
(epstopdf)             Output file: <neelesh_b_mehta-eps-converted-to.pdf>
(epstopdf)                    date: 2018-04-24 10:17:48
(epstopdf)                    size: 126716 bytes
(epstopdf)             Command: <repstopdf --outfile=neelesh_b_mehta-eps-conver
ted-to.pdf neelesh_b_mehta.eps>
(epstopdf)             \includegraphics on input line 1764.
Package epstopdf Info: Output file is already uptodate.
File: neelesh_b_mehta-eps-converted-to.pdf Graphic file (type pdf)
<use neelesh_b_mehta-eps-converted-to.pdf>
Package pdftex.def Info: neelesh_b_mehta-eps-converted-to.pdf  used on input li
ne 1764.
(pdftex.def)             Requested size: 72.26495pt x 84.7055pt.
 [12 <./sarvendranath-eps-converted-to.pdf>] [13

 <./neelesh_b_mehta-eps-converted-to.pdf>] (./AS_in_CR_OC_SPU_cam_ready_v5.aux)
 ) 
Here is how much of TeX's memory you used:
 8581 strings out of 478268
 140132 string characters out of 5850344
 501169 words of memory out of 5000000
 26236 multiletter control sequences out of 15000+600000
 537550 words of font info for 372 fonts, out of 8000000 for 9000
 1141 hyphenation exceptions out of 8191
 55i,15n,62p,1312b,346s stack positions out of 10000i,1000n,20000p,200000b,200000s
{c:/texlive/2022/texmf-dist/fonts/enc/dvips/base/8r.enc}<c:/texlive/2022/texm
f-dist/fonts/type1/public/amsfonts/cm/cmbx10.pfb><c:/texlive/2022/texmf-dist/fo
nts/type1/public/amsfonts/cm/cmbx7.pfb><c:/texlive/2022/texmf-dist/fonts/type1/
public/amsfonts/cm/cmbx8.pfb><c:/texlive/2022/texmf-dist/fonts/type1/public/ams
fonts/cm/cmex10.pfb><c:/texlive/2022/texmf-dist/fonts/type1/public/amsfonts/cme
xtra/cmex7.pfb><c:/texlive/2022/texmf-dist/fonts/type1/public/amsfonts/cmextra/
cmex8.pfb><c:/texlive/2022/texmf-dist/fonts/type1/public/amsfonts/cm/cmmi10.pfb
><c:/texlive/2022/texmf-dist/fonts/type1/public/amsfonts/cm/cmmi5.pfb><c:/texli
ve/2022/texmf-dist/fonts/type1/public/amsfonts/cm/cmmi6.pfb><c:/texlive/2022/te
xmf-dist/fonts/type1/public/amsfonts/cm/cmmi7.pfb><c:/texlive/2022/texmf-dist/f
onts/type1/public/amsfonts/cm/cmmi8.pfb><c:/texlive/2022/texmf-dist/fonts/type1
/public/amsfonts/cm/cmmi9.pfb><c:/texlive/2022/texmf-dist/fonts/type1/public/am
sfonts/cm/cmr10.pfb><c:/texlive/2022/texmf-dist/fonts/type1/public/amsfonts/cm/
cmr5.pfb><c:/texlive/2022/texmf-dist/fonts/type1/public/amsfonts/cm/cmr6.pfb><c
:/texlive/2022/texmf-dist/fonts/type1/public/amsfonts/cm/cmr7.pfb><c:/texlive/2
022/texmf-dist/fonts/type1/public/amsfonts/cm/cmr8.pfb><c:/texlive/2022/texmf-d
ist/fonts/type1/public/amsfonts/cm/cmsy10.pfb><c:/texlive/2022/texmf-dist/fonts
/type1/public/amsfonts/cm/cmsy5.pfb><c:/texlive/2022/texmf-dist/fonts/type1/pub
lic/amsfonts/cm/cmsy6.pfb><c:/texlive/2022/texmf-dist/fonts/type1/public/amsfon
ts/cm/cmsy7.pfb><c:/texlive/2022/texmf-dist/fonts/type1/public/amsfonts/cm/cmsy
8.pfb><c:/texlive/2022/texmf-dist/fonts/type1/public/lm/lmr10.pfb><c:/texlive/2
022/texmf-dist/fonts/type1/public/lm/lmri10.pfb><c:/texlive/2022/texmf-dist/fon
ts/type1/public/amsfonts/symbols/msam10.pfb><c:/texlive/2022/texmf-dist/fonts/t
ype1/public/amsfonts/symbols/msbm10.pfb><c:/texlive/2022/texmf-dist/fonts/type1
/urw/times/utmb8a.pfb><c:/texlive/2022/texmf-dist/fonts/type1/urw/times/utmbi8a
.pfb><c:/texlive/2022/texmf-dist/fonts/type1/urw/times/utmr8a.pfb><c:/texlive/2
022/texmf-dist/fonts/type1/urw/times/utmri8a.pfb>
Output written on AS_in_CR_OC_SPU_cam_ready_v5.pdf (13 pages, 785379 bytes).
PDF statistics:
 325 PDF objects out of 1000 (max. 8388607)
 209 compressed objects within 3 object streams
 0 named destinations out of 1000 (max. 500000)
 73803 words of extra memory for PDF output out of 74296 (max. 10000000)

